{
  "RSpec": {
    "coverage": {
      "c:/Projects/beep-saude/api/spec/services/currency_rate_factory_spec.rb": [
        1,
        1,
        1,
        null,
        1,
        1,
        1,
        1,
        1,
        null,
        null,
        null
      ],
      "c:/Projects/beep-saude/api/app/services/currency_rate/currency_rate_factory.rb": [
        1,
        1,
        1,
        null,
        null,
        null,
        null,
        null,
        1,
        null,
        1,
        2,
        null,
        2,
        0,
        null,
        null,
        2,
        null,
        2,
        null,
        0,
        null,
        null,
        2,
        null,
        null,
        null
      ],
      "c:/Projects/beep-saude/api/app/services/currency_rate/drivers/currency_layer_driver.rb": [
        1,
        1,
        1,
        null,
        1,
        1,
        null,
        1,
        2,
        null,
        2,
        2,
        2,
        null,
        null,
        1,
        7,
        7,
        7,
        null,
        7,
        7,
        7,
        null,
        null,
        1,
        1,
        7,
        7,
        7,
        null,
        null,
        1,
        7,
        7,
        7,
        7,
        7,
        null,
        21,
        21,
        null,
        7,
        null,
        null,
        null,
        null
      ],
      "c:/Projects/beep-saude/api/app/services/currency_rate/models/quote.rb": [
        1,
        1,
        1,
        21,
        21,
        21,
        null,
        null,
        1,
        0,
        null,
        null
      ],
      "c:/Projects/beep-saude/api/spec/services/currency_rate_service_spec.rb": [
        1,
        1,
        null,
        1,
        1,
        1,
        1,
        1,
        null,
        null,
        null,
        1,
        null,
        1,
        null,
        1,
        null,
        1,
        7,
        7,
        7,
        null,
        7,
        21,
        null,
        null,
        null,
        null,
        null
      ],
      "c:/Projects/beep-saude/api/app/services/currency_rate/currency_rate_facade.rb": [
        1,
        null,
        1,
        null,
        1,
        null,
        1,
        1,
        1,
        null,
        null,
        1,
        1,
        1,
        1,
        7,
        7,
        null,
        1,
        null,
        null,
        1,
        3,
        3,
        null,
        null,
        1,
        1,
        null,
        null,
        null
      ]
    },
    "timestamp": 1527515493
  }
}
